  [1m[35m (1.2ms)[0m  [1m[34mSELECT sqlite_version(*)[0m
  [1m[35m (8.2ms)[0m  [1m[35mCREATE TABLE "schema_migrations" ("version" varchar NOT NULL PRIMARY KEY)[0m
  [1m[35m (8.3ms)[0m  [1m[35mCREATE TABLE "ar_internal_metadata" ("key" varchar NOT NULL PRIMARY KEY, "value" varchar, "created_at" datetime(6) NOT NULL, "updated_at" datetime(6) NOT NULL)[0m
  [1m[35m (0.2ms)[0m  [1m[34mSELECT "schema_migrations"."version" FROM "schema_migrations" ORDER BY "schema_migrations"."version" ASC[0m
Migrating to CreateBots (20200307182528)
  [1m[35m (0.0ms)[0m  [1m[36mbegin transaction[0m
  [1m[35m (0.3ms)[0m  [1m[35mCREATE TABLE "bots" ("id" integer PRIMARY KEY AUTOINCREMENT NOT NULL, "created_at" datetime(6) NOT NULL, "updated_at" datetime(6) NOT NULL)[0m
  [1m[36mprimary::SchemaMigration Create (0.1ms)[0m  [1m[32mINSERT INTO "schema_migrations" ("version") VALUES (?)[0m  [["version", "20200307182528"]]
  [1m[35m (9.4ms)[0m  [1m[36mcommit transaction[0m
  [1m[36mActiveRecord::InternalMetadata Load (0.1ms)[0m  [1m[34mSELECT "ar_internal_metadata".* FROM "ar_internal_metadata" WHERE "ar_internal_metadata"."key" = ? LIMIT ?[0m  [["key", "environment"], ["LIMIT", 1]]
  [1m[35m (0.0ms)[0m  [1m[36mbegin transaction[0m
  [1m[36mActiveRecord::InternalMetadata Create (0.1ms)[0m  [1m[32mINSERT INTO "ar_internal_metadata" ("key", "value", "created_at", "updated_at") VALUES (?, ?, ?, ?)[0m  [["key", "environment"], ["value", "development"], ["created_at", "2020-03-07 18:25:51.566031"], ["updated_at", "2020-03-07 18:25:51.566031"]]
  [1m[35m (5.4ms)[0m  [1m[36mcommit transaction[0m
  [1m[35m (0.1ms)[0m  [1m[34mSELECT sqlite_version(*)[0m
  [1m[35m (0.1ms)[0m  [1m[34mSELECT "schema_migrations"."version" FROM "schema_migrations" ORDER BY "schema_migrations"."version" ASC[0m
Started GET "/" for 127.0.0.1 at 2020-03-07 19:42:33 +0100
  [1m[35m (0.3ms)[0m  [1m[34mSELECT sqlite_version(*)[0m
  [1m[35m (0.1ms)[0m  [1m[34mSELECT "schema_migrations"."version" FROM "schema_migrations" ORDER BY "schema_migrations"."version" ASC[0m
Processing by Rails::WelcomeController#index as HTML
  Rendering vendor/bundle/ruby/2.6.0/gems/railties-6.0.2.1/lib/rails/templates/rails/welcome/index.html.erb
  Rendered vendor/bundle/ruby/2.6.0/gems/railties-6.0.2.1/lib/rails/templates/rails/welcome/index.html.erb (Duration: 8.5ms | Allocations: 481)
Completed 200 OK in 25ms (Views: 16.6ms | ActiveRecord: 0.0ms | Allocations: 2809)


  [1m[35m (0.9ms)[0m  [1m[34mSELECT sqlite_version(*)[0m
  [1m[35m (0.1ms)[0m  [1m[34mSELECT "schema_migrations"."version" FROM "schema_migrations" ORDER BY "schema_migrations"."version" ASC[0m
Migrating to CreateResponses (20200308201919)
  [1m[35m (0.0ms)[0m  [1m[36mbegin transaction[0m
  [1m[35m (0.2ms)[0m  [1m[35mCREATE TABLE "responses" ("id" integer PRIMARY KEY AUTOINCREMENT NOT NULL, "message" varchar, "string" varchar, "created_at" datetime(6) NOT NULL, "updated_at" datetime(6) NOT NULL)[0m
  [1m[36mprimary::SchemaMigration Create (0.1ms)[0m  [1m[32mINSERT INTO "schema_migrations" ("version") VALUES (?)[0m  [["version", "20200308201919"]]
  [1m[35m (8.5ms)[0m  [1m[36mcommit transaction[0m
  [1m[36mActiveRecord::InternalMetadata Load (0.1ms)[0m  [1m[34mSELECT "ar_internal_metadata".* FROM "ar_internal_metadata" WHERE "ar_internal_metadata"."key" = ? LIMIT ?[0m  [["key", "environment"], ["LIMIT", 1]]
  [1m[35m (0.1ms)[0m  [1m[34mSELECT sqlite_version(*)[0m
  [1m[35m (0.1ms)[0m  [1m[34mSELECT "schema_migrations"."version" FROM "schema_migrations" ORDER BY "schema_migrations"."version" ASC[0m
  [1m[35m (0.3ms)[0m  [1m[34mSELECT sqlite_version(*)[0m
  [1m[35m (0.1ms)[0m  [1m[34mSELECT "schema_migrations"."version" FROM "schema_migrations" ORDER BY "schema_migrations"."version" ASC[0m
  [1m[35m (0.0ms)[0m  [1m[34mSELECT sqlite_version(*)[0m
  [1m[35m (0.0ms)[0m  [1m[36mbegin transaction[0m
  [1m[36mResponse Create (0.2ms)[0m  [1m[32mINSERT INTO "responses" ("message", "created_at", "updated_at") VALUES (?, ?, ?)[0m  [["message", "C'est moi wesh"], ["created_at", "2020-03-08 20:21:21.309565"], ["updated_at", "2020-03-08 20:21:21.309565"]]
  [1m[35m (8.4ms)[0m  [1m[36mcommit transaction[0m
  [1m[35m (0.3ms)[0m  [1m[34mSELECT sqlite_version(*)[0m
  [1m[35m (0.1ms)[0m  [1m[34mSELECT "schema_migrations"."version" FROM "schema_migrations" ORDER BY "schema_migrations"."version" ASC[0m
Migrating to CreateUsers (20200308202143)
  [1m[35m (0.0ms)[0m  [1m[36mbegin transaction[0m
  [1m[35m (0.2ms)[0m  [1m[35mCREATE TABLE "users" ("id" integer PRIMARY KEY AUTOINCREMENT NOT NULL, "name" varchar, "tweet_id" varchar, "created_at" datetime(6) NOT NULL, "updated_at" datetime(6) NOT NULL)[0m
  [1m[36mprimary::SchemaMigration Create (0.1ms)[0m  [1m[32mINSERT INTO "schema_migrations" ("version") VALUES (?)[0m  [["version", "20200308202143"]]
  [1m[35m (11.5ms)[0m  [1m[36mcommit transaction[0m
  [1m[36mActiveRecord::InternalMetadata Load (0.1ms)[0m  [1m[34mSELECT "ar_internal_metadata".* FROM "ar_internal_metadata" WHERE "ar_internal_metadata"."key" = ? LIMIT ?[0m  [["key", "environment"], ["LIMIT", 1]]
  [1m[35m (0.1ms)[0m  [1m[34mSELECT sqlite_version(*)[0m
  [1m[35m (0.1ms)[0m  [1m[34mSELECT "schema_migrations"."version" FROM "schema_migrations" ORDER BY "schema_migrations"."version" ASC[0m
  [1m[35m (0.3ms)[0m  [1m[34mSELECT sqlite_version(*)[0m
  [1m[35m (0.0ms)[0m  [1m[36mbegin transaction[0m
  [1m[36mUser Create (0.2ms)[0m  [1m[32mINSERT INTO "users" ("name", "tweet_id", "created_at", "updated_at") VALUES (?, ?, ?, ?)[0m  [["name", "NatHealthNut"], ["tweet_id", "1236769695107371013"], ["created_at", "2020-03-08 21:44:20.973200"], ["updated_at", "2020-03-08 21:44:20.973200"]]
  [1m[35m (13.0ms)[0m  [1m[36mcommit transaction[0m
  [1m[36mResponse Load (0.1ms)[0m  [1m[34mSELECT "responses".* FROM "responses" LIMIT ?[0m  [["LIMIT", 11]]
  [1m[36mResponse Load (0.1ms)[0m  [1m[34mSELECT "responses".* FROM "responses" LIMIT ?[0m  [["LIMIT", 11]]
  [1m[35m (0.1ms)[0m  [1m[36mbegin transaction[0m
  [1m[36mUser Create (0.3ms)[0m  [1m[32mINSERT INTO "users" ("name", "tweet_id", "created_at", "updated_at") VALUES (?, ?, ?, ?)[0m  [["name", "MathiasWolfbrok"], ["tweet_id", "1236719038660849671"], ["created_at", "2020-03-08 21:46:59.249646"], ["updated_at", "2020-03-08 21:46:59.249646"]]
  [1m[35m (13.3ms)[0m  [1m[36mcommit transaction[0m
  [1m[36mResponse Load (0.1ms)[0m  [1m[34mSELECT "responses".* FROM "responses" LIMIT ?[0m  [["LIMIT", 11]]
  [1m[36mResponse Load (0.3ms)[0m  [1m[34mSELECT "responses".* FROM "responses" LIMIT ?[0m  [["LIMIT", 11]]
  [1m[35m (0.3ms)[0m  [1m[34mSELECT sqlite_version(*)[0m
  [1m[35m (0.0ms)[0m  [1m[36mbegin transaction[0m
  [1m[36mUser Create (0.2ms)[0m  [1m[32mINSERT INTO "users" ("name", "tweet_id", "created_at", "updated_at") VALUES (?, ?, ?, ?)[0m  [["name", "NatHealthNut"], ["tweet_id", "1236769695107371013"], ["created_at", "2020-03-08 21:49:18.450296"], ["updated_at", "2020-03-08 21:49:18.450296"]]
  [1m[35m (13.3ms)[0m  [1m[36mcommit transaction[0m
  [1m[36mResponse Load (0.1ms)[0m  [1m[34mSELECT "responses".* FROM "responses" LIMIT ?[0m  [["LIMIT", 11]]
  [1m[36mResponse Load (0.1ms)[0m  [1m[34mSELECT "responses".* FROM "responses" LIMIT ?[0m  [["LIMIT", 11]]
  [1m[35m (0.3ms)[0m  [1m[34mSELECT sqlite_version(*)[0m
  [1m[35m (0.0ms)[0m  [1m[36mbegin transaction[0m
  [1m[36mUser Create (0.2ms)[0m  [1m[32mINSERT INTO "users" ("name", "tweet_id", "created_at", "updated_at") VALUES (?, ?, ?, ?)[0m  [["name", "NatHealthNut"], ["tweet_id", "1236769695107371013"], ["created_at", "2020-03-08 21:50:50.637326"], ["updated_at", "2020-03-08 21:50:50.637326"]]
  [1m[35m (12.9ms)[0m  [1m[36mcommit transaction[0m
  [1m[36mResponse Load (0.2ms)[0m  [1m[34mSELECT "responses".* FROM "responses" ORDER BY "responses"."id" ASC LIMIT ?[0m  [["LIMIT", 1]]
  [1m[35m (0.1ms)[0m  [1m[36mbegin transaction[0m
  [1m[36mUser Create (0.3ms)[0m  [1m[32mINSERT INTO "users" ("name", "tweet_id", "created_at", "updated_at") VALUES (?, ?, ?, ?)[0m  [["name", "miacarmela71"], ["tweet_id", "1236739961371664384"], ["created_at", "2020-03-08 21:51:37.381219"], ["updated_at", "2020-03-08 21:51:37.381219"]]
  [1m[35m (12.9ms)[0m  [1m[36mcommit transaction[0m
  [1m[36mResponse Load (0.1ms)[0m  [1m[34mSELECT "responses".* FROM "responses" ORDER BY "responses"."id" ASC LIMIT ?[0m  [["LIMIT", 1]]
  [1m[35m (0.3ms)[0m  [1m[34mSELECT sqlite_version(*)[0m
  [1m[35m (0.0ms)[0m  [1m[36mbegin transaction[0m
  [1m[36mUser Create (0.2ms)[0m  [1m[32mINSERT INTO "users" ("name", "tweet_id", "created_at", "updated_at") VALUES (?, ?, ?, ?)[0m  [["name", "acuburu98"], ["tweet_id", "1236771775733792769"], ["created_at", "2020-03-08 21:52:43.502666"], ["updated_at", "2020-03-08 21:52:43.502666"]]
  [1m[35m (12.7ms)[0m  [1m[36mcommit transaction[0m
  [1m[36mResponse Load (0.1ms)[0m  [1m[34mSELECT "responses".* FROM "responses" ORDER BY "responses"."id" ASC LIMIT ?[0m  [["LIMIT", 1]]
  [1m[35m (0.1ms)[0m  [1m[36mbegin transaction[0m
  [1m[36mUser Create (0.3ms)[0m  [1m[32mINSERT INTO "users" ("name", "tweet_id", "created_at", "updated_at") VALUES (?, ?, ?, ?)[0m  [["name", "acuburu98"], ["tweet_id", "1236771775733792769"], ["created_at", "2020-03-08 21:53:11.997127"], ["updated_at", "2020-03-08 21:53:11.997127"]]
  [1m[35m (12.6ms)[0m  [1m[36mcommit transaction[0m
  [1m[36mResponse Load (0.1ms)[0m  [1m[34mSELECT "responses".* FROM "responses" ORDER BY "responses"."id" ASC LIMIT ?[0m  [["LIMIT", 1]]
  [1m[35m (0.1ms)[0m  [1m[36mbegin transaction[0m
  [1m[36mUser Create (0.3ms)[0m  [1m[32mINSERT INTO "users" ("name", "tweet_id", "created_at", "updated_at") VALUES (?, ?, ?, ?)[0m  [["name", "NatHealthNut"], ["tweet_id", "1236769695107371013"], ["created_at", "2020-03-08 21:53:38.086557"], ["updated_at", "2020-03-08 21:53:38.086557"]]
  [1m[35m (12.9ms)[0m  [1m[36mcommit transaction[0m
  [1m[36mResponse Load (0.2ms)[0m  [1m[34mSELECT "responses".* FROM "responses" ORDER BY "responses"."id" ASC LIMIT ?[0m  [["LIMIT", 1]]
  [1m[35m (0.0ms)[0m  [1m[36mbegin transaction[0m
  [1m[36mUser Create (7.2ms)[0m  [1m[32mINSERT INTO "users" ("name", "tweet_id", "created_at", "updated_at") VALUES (?, ?, ?, ?)[0m  [["name", "NatHealthNut"], ["tweet_id", "1236769695107371013"], ["created_at", "2020-03-08 21:54:08.928512"], ["updated_at", "2020-03-08 21:54:08.928512"]]
  [1m[35m (13.6ms)[0m  [1m[36mcommit transaction[0m
  [1m[36mResponse Load (0.1ms)[0m  [1m[34mSELECT "responses".* FROM "responses" ORDER BY "responses"."id" ASC LIMIT ?[0m  [["LIMIT", 1]]
  [1m[35m (0.2ms)[0m  [1m[36mbegin transaction[0m
  [1m[36mUser Create (0.8ms)[0m  [1m[32mINSERT INTO "users" ("name", "tweet_id", "created_at", "updated_at") VALUES (?, ?, ?, ?)[0m  [["name", "ScentFill"], ["tweet_id", "1236769007295922182"], ["created_at", "2020-03-08 21:54:09.622915"], ["updated_at", "2020-03-08 21:54:09.622915"]]
  [1m[35m (9.8ms)[0m  [1m[36mcommit transaction[0m
  [1m[36mResponse Load (0.3ms)[0m  [1m[34mSELECT "responses".* FROM "responses" ORDER BY "responses"."id" ASC LIMIT ?[0m  [["LIMIT", 1]]
  [1m[35m (0.2ms)[0m  [1m[36mbegin transaction[0m
  [1m[36mUser Create (0.7ms)[0m  [1m[32mINSERT INTO "users" ("name", "tweet_id", "created_at", "updated_at") VALUES (?, ?, ?, ?)[0m  [["name", "FamilyGiggles"], ["tweet_id", "1236768796666408963"], ["created_at", "2020-03-08 21:54:10.132558"], ["updated_at", "2020-03-08 21:54:10.132558"]]
  [1m[35m (6.4ms)[0m  [1m[36mcommit transaction[0m
  [1m[36mResponse Load (0.5ms)[0m  [1m[34mSELECT "responses".* FROM "responses" ORDER BY "responses"."id" ASC LIMIT ?[0m  [["LIMIT", 1]]
  [1m[35m (0.5ms)[0m  [1m[34mSELECT sqlite_version(*)[0m
  [1m[35m (0.0ms)[0m  [1m[36mbegin transaction[0m
  [1m[36mUser Create (0.4ms)[0m  [1m[32mINSERT INTO "users" ("name", "tweet_id", "created_at", "updated_at") VALUES (?, ?, ?, ?)[0m  [["name", "gwraighen"], ["tweet_id", "1236776883079057411"], ["created_at", "2020-03-08 22:15:52.991199"], ["updated_at", "2020-03-08 22:15:52.991199"]]
  [1m[35m (12.3ms)[0m  [1m[36mcommit transaction[0m
  [1m[36mResponse Load (0.4ms)[0m  [1m[34mSELECT "responses".* FROM "responses" LIMIT ?[0m  [["LIMIT", 11]]
  [1m[36mResponse Load (0.2ms)[0m  [1m[34mSELECT "responses".* FROM "responses" LIMIT ?[0m  [["LIMIT", 11]]
  [1m[35m (0.5ms)[0m  [1m[34mSELECT sqlite_version(*)[0m
  [1m[35m (0.0ms)[0m  [1m[36mbegin transaction[0m
  [1m[36mUser Create (0.5ms)[0m  [1m[32mINSERT INTO "users" ("name", "tweet_id", "created_at", "updated_at") VALUES (?, ?, ?, ?)[0m  [["name", "gwraighen"], ["tweet_id", "1236776883079057411"], ["created_at", "2020-03-08 22:25:07.039672"], ["updated_at", "2020-03-08 22:25:07.039672"]]
  [1m[35m (5.3ms)[0m  [1m[36mcommit transaction[0m
  [1m[36mResponse Load (0.3ms)[0m  [1m[34mSELECT "responses".* FROM "responses" ORDER BY RAND() LIMIT ?[0m  [["LIMIT", 1]]
  [1m[35m (0.3ms)[0m  [1m[34mSELECT sqlite_version(*)[0m
  [1m[35m (0.1ms)[0m  [1m[36mbegin transaction[0m
  [1m[36mUser Create (0.3ms)[0m  [1m[32mINSERT INTO "users" ("name", "tweet_id", "created_at", "updated_at") VALUES (?, ?, ?, ?)[0m  [["name", "kheatherbrown"], ["tweet_id", "1236780918725099520"], ["created_at", "2020-03-08 22:29:32.612354"], ["updated_at", "2020-03-08 22:29:32.612354"]]
  [1m[35m (13.0ms)[0m  [1m[36mcommit transaction[0m
  [1m[36mResponse Load (0.4ms)[0m  [1m[34mSELECT "responses".* FROM "responses" LIMIT ?[0m  [["LIMIT", 11]]
  [1m[36mResponse Load (0.2ms)[0m  [1m[34mSELECT "responses".* FROM "responses" LIMIT ?[0m  [["LIMIT", 11]]
  [1m[35m (0.3ms)[0m  [1m[34mSELECT sqlite_version(*)[0m
  [1m[35m (0.0ms)[0m  [1m[36mbegin transaction[0m
  [1m[36mUser Create (0.2ms)[0m  [1m[32mINSERT INTO "users" ("name", "tweet_id", "created_at", "updated_at") VALUES (?, ?, ?, ?)[0m  [["name", "gwraighen"], ["tweet_id", "1236776883079057411"], ["created_at", "2020-03-08 22:31:20.795850"], ["updated_at", "2020-03-08 22:31:20.795850"]]
  [1m[35m (13.7ms)[0m  [1m[36mcommit transaction[0m
  [1m[36mResponse Load (0.1ms)[0m  [1m[34mSELECT "responses".* FROM "responses" LIMIT ?[0m  [["LIMIT", 11]]
  [1m[36mResponse Load (0.1ms)[0m  [1m[34mSELECT "responses".* FROM "responses" LIMIT ?[0m  [["LIMIT", 11]]
  [1m[35m (0.3ms)[0m  [1m[34mSELECT sqlite_version(*)[0m
  [1m[35m (0.0ms)[0m  [1m[36mbegin transaction[0m
  [1m[36mUser Create (0.2ms)[0m  [1m[32mINSERT INTO "users" ("name", "tweet_id", "created_at", "updated_at") VALUES (?, ?, ?, ?)[0m  [["name", "gwraighen"], ["tweet_id", "1236776883079057411"], ["created_at", "2020-03-08 22:31:53.842162"], ["updated_at", "2020-03-08 22:31:53.842162"]]
  [1m[35m (13.7ms)[0m  [1m[36mcommit transaction[0m
  [1m[36mResponse Load (0.6ms)[0m  [1m[34mSELECT "responses".* FROM "responses" LIMIT ?[0m  [["LIMIT", 11]]
  [1m[36mResponse Load (0.2ms)[0m  [1m[34mSELECT "responses".* FROM "responses" LIMIT ?[0m  [["LIMIT", 11]]
  [1m[35m (0.3ms)[0m  [1m[34mSELECT sqlite_version(*)[0m
  [1m[35m (0.0ms)[0m  [1m[36mbegin transaction[0m
  [1m[36mUser Create (0.2ms)[0m  [1m[32mINSERT INTO "users" ("name", "tweet_id", "created_at", "updated_at") VALUES (?, ?, ?, ?)[0m  [["name", "gwraighen"], ["tweet_id", "1236776883079057411"], ["created_at", "2020-03-08 22:33:24.037198"], ["updated_at", "2020-03-08 22:33:24.037198"]]
  [1m[35m (12.8ms)[0m  [1m[36mcommit transaction[0m
  [1m[36mResponse Load (0.2ms)[0m  [1m[34mSELECT "responses".* FROM "responses" ORDER BY "responses"."id" ASC LIMIT ?[0m  [["LIMIT", 1]]
  [1m[35m (0.2ms)[0m  [1m[36mbegin transaction[0m
  [1m[36mUser Create (0.7ms)[0m  [1m[32mINSERT INTO "users" ("name", "tweet_id", "created_at", "updated_at") VALUES (?, ?, ?, ?)[0m  [["name", "LupusGangsta"], ["tweet_id", "1236775969978900480"], ["created_at", "2020-03-08 22:33:24.481025"], ["updated_at", "2020-03-08 22:33:24.481025"]]
  [1m[35m (9.8ms)[0m  [1m[36mcommit transaction[0m
  [1m[36mResponse Load (0.3ms)[0m  [1m[34mSELECT "responses".* FROM "responses" ORDER BY "responses"."id" ASC LIMIT ?[0m  [["LIMIT", 1]]
  [1m[35m (0.2ms)[0m  [1m[36mbegin transaction[0m
  [1m[36mUser Create (0.7ms)[0m  [1m[32mINSERT INTO "users" ("name", "tweet_id", "created_at", "updated_at") VALUES (?, ?, ?, ?)[0m  [["name", "yeoncake"], ["tweet_id", "1236774672542453760"], ["created_at", "2020-03-08 22:33:25.087014"], ["updated_at", "2020-03-08 22:33:25.087014"]]
  [1m[35m (15.9ms)[0m  [1m[36mcommit transaction[0m
  [1m[36mResponse Load (0.3ms)[0m  [1m[34mSELECT "responses".* FROM "responses" ORDER BY "responses"."id" ASC LIMIT ?[0m  [["LIMIT", 1]]
  [1m[35m (0.2ms)[0m  [1m[36mbegin transaction[0m
  [1m[36mUser Create (0.7ms)[0m  [1m[32mINSERT INTO "users" ("name", "tweet_id", "created_at", "updated_at") VALUES (?, ?, ?, ?)[0m  [["name", "NatHealthNut"], ["tweet_id", "1236769695107371013"], ["created_at", "2020-03-08 22:33:25.501484"], ["updated_at", "2020-03-08 22:33:25.501484"]]
  [1m[35m (9.2ms)[0m  [1m[36mcommit transaction[0m
  [1m[36mResponse Load (0.3ms)[0m  [1m[34mSELECT "responses".* FROM "responses" ORDER BY "responses"."id" ASC LIMIT ?[0m  [["LIMIT", 1]]
  [1m[35m (0.2ms)[0m  [1m[36mbegin transaction[0m
  [1m[36mUser Create (0.7ms)[0m  [1m[32mINSERT INTO "users" ("name", "tweet_id", "created_at", "updated_at") VALUES (?, ?, ?, ?)[0m  [["name", "ScentFill"], ["tweet_id", "1236769007295922182"], ["created_at", "2020-03-08 22:33:26.170864"], ["updated_at", "2020-03-08 22:33:26.170864"]]
  [1m[35m (13.4ms)[0m  [1m[36mcommit transaction[0m
  [1m[36mResponse Load (0.3ms)[0m  [1m[34mSELECT "responses".* FROM "responses" ORDER BY "responses"."id" ASC LIMIT ?[0m  [["LIMIT", 1]]
  [1m[35m (0.3ms)[0m  [1m[34mSELECT sqlite_version(*)[0m
  [1m[35m (0.1ms)[0m  [1m[36mbegin transaction[0m
  [1m[36mUser Create (0.2ms)[0m  [1m[32mINSERT INTO "users" ("name", "tweet_id", "created_at", "updated_at") VALUES (?, ?, ?, ?)[0m  [["name", "cykim2"], ["tweet_id", "1236782403676336128"], ["created_at", "2020-03-08 22:34:58.174356"], ["updated_at", "2020-03-08 22:34:58.174356"]]
  [1m[35m (8.5ms)[0m  [1m[36mcommit transaction[0m
  [1m[36mResponse Load (0.1ms)[0m  [1m[34mSELECT "responses".* FROM "responses" LIMIT ?[0m  [["LIMIT", 11]]
  [1m[36mResponse Load (0.1ms)[0m  [1m[34mSELECT "responses".* FROM "responses" LIMIT ?[0m  [["LIMIT", 11]]
  [1m[35m (0.5ms)[0m  [1m[34mSELECT sqlite_version(*)[0m
  [1m[35m (0.0ms)[0m  [1m[36mbegin transaction[0m
  [1m[36mUser Create (0.6ms)[0m  [1m[32mINSERT INTO "users" ("name", "tweet_id", "created_at", "updated_at") VALUES (?, ?, ?, ?)[0m  [["name", "EatsTreats"], ["tweet_id", "1236954050471608326"], ["created_at", "2020-03-09 09:57:20.907145"], ["updated_at", "2020-03-09 09:57:20.907145"]]
  [1m[35m (5.8ms)[0m  [1m[36mcommit transaction[0m
  [1m[36mResponse Load (0.2ms)[0m  [1m[34mSELECT "responses".* FROM "responses" LIMIT ?[0m  [["LIMIT", 11]]
  [1m[36mResponse Load (0.2ms)[0m  [1m[34mSELECT "responses".* FROM "responses" LIMIT ?[0m  [["LIMIT", 11]]
  [1m[35m (0.3ms)[0m  [1m[34mSELECT sqlite_version(*)[0m
  [1m[35m (0.1ms)[0m  [1m[36mbegin transaction[0m
  [1m[36mUser Create (0.4ms)[0m  [1m[32mINSERT INTO "users" ("name", "tweet_id", "created_at", "updated_at") VALUES (?, ?, ?, ?)[0m  [["name", "KINGJUNAID"], ["tweet_id", "1236954964515336193"], ["created_at", "2020-03-09 10:00:27.425046"], ["updated_at", "2020-03-09 10:00:27.425046"]]
  [1m[35m (8.5ms)[0m  [1m[36mcommit transaction[0m
  [1m[35m (0.3ms)[0m  [1m[34mSELECT sqlite_version(*)[0m
  [1m[35m (0.0ms)[0m  [1m[36mbegin transaction[0m
  [1m[36mUser Create (0.2ms)[0m  [1m[32mINSERT INTO "users" ("name", "tweet_id", "created_at", "updated_at") VALUES (?, ?, ?, ?)[0m  [["name", "AtulYadav3731"], ["tweet_id", "1236955243017121794"], ["created_at", "2020-03-09 10:01:31.788832"], ["updated_at", "2020-03-09 10:01:31.788832"]]
  [1m[35m (8.6ms)[0m  [1m[36mcommit transaction[0m
  [1m[35m (0.4ms)[0m  [1m[34mSELECT sqlite_version(*)[0m
  [1m[35m (0.1ms)[0m  [1m[36mbegin transaction[0m
  [1m[36mUser Create (0.2ms)[0m  [1m[32mINSERT INTO "users" ("name", "tweet_id", "created_at", "updated_at") VALUES (?, ?, ?, ?)[0m  [["name", "SteveTh71651621"], ["tweet_id", "1236958210738786304"], ["created_at", "2020-03-09 10:19:30.814571"], ["updated_at", "2020-03-09 10:19:30.814571"]]
  [1m[35m (8.6ms)[0m  [1m[36mcommit transaction[0m
  [1m[36mResponse Load (0.1ms)[0m  [1m[34mSELECT "responses".* FROM "responses" ORDER BY "responses"."id" ASC LIMIT ?[0m  [["LIMIT", 1]]
  [1m[35m (0.1ms)[0m  [1m[36mbegin transaction[0m
  [1m[36mUser Create (0.3ms)[0m  [1m[32mINSERT INTO "users" ("name", "tweet_id", "created_at", "updated_at") VALUES (?, ?, ?, ?)[0m  [["name", "jafarali333"], ["tweet_id", "1236959973294276609"], ["created_at", "2020-03-09 10:20:18.039169"], ["updated_at", "2020-03-09 10:20:18.039169"]]
  [1m[35m (12.2ms)[0m  [1m[36mcommit transaction[0m
  [1m[36mResponse Load (0.5ms)[0m  [1m[34mSELECT "responses".* FROM "responses" ORDER BY "responses"."id" ASC LIMIT ?[0m  [["LIMIT", 1]]
  [1m[35m (0.2ms)[0m  [1m[36mbegin transaction[0m
  [1m[36mUser Create (0.7ms)[0m  [1m[32mINSERT INTO "users" ("name", "tweet_id", "created_at", "updated_at") VALUES (?, ?, ?, ?)[0m  [["name", "godwinsi70"], ["tweet_id", "1236959908718882817"], ["created_at", "2020-03-09 10:20:18.498133"], ["updated_at", "2020-03-09 10:20:18.498133"]]
  [1m[35m (9.2ms)[0m  [1m[36mcommit transaction[0m
  [1m[36mResponse Load (0.3ms)[0m  [1m[34mSELECT "responses".* FROM "responses" ORDER BY "responses"."id" ASC LIMIT ?[0m  [["LIMIT", 1]]
  [1m[35m (0.2ms)[0m  [1m[36mbegin transaction[0m
  [1m[36mUser Create (0.7ms)[0m  [1m[32mINSERT INTO "users" ("name", "tweet_id", "created_at", "updated_at") VALUES (?, ?, ?, ?)[0m  [["name", "engsamar94"], ["tweet_id", "1236959884492537856"], ["created_at", "2020-03-09 10:20:19.011559"], ["updated_at", "2020-03-09 10:20:19.011559"]]
  [1m[35m (6.2ms)[0m  [1m[36mcommit transaction[0m
  [1m[36mResponse Load (0.3ms)[0m  [1m[34mSELECT "responses".* FROM "responses" ORDER BY "responses"."id" ASC LIMIT ?[0m  [["LIMIT", 1]]
